C:\USERS\TAKANA\DOCUMENTS\VISUAL STUDIO 2010\PROJECTS\AUDITORYSCENEANALYSIS\DEBUG\MIC.EXE
C:\USERS\TAKANA\DOCUMENTS\VISUAL STUDIO 2010\PROJECTS\AUDITORYSCENEANALYSIS\DEBUG\MIC.PDB
C:\USERS\TAKANA\DOCUMENTS\VISUAL STUDIO 2010\PROJECTS\AUDITORYSCENEANALYSIS\MIC\DEBUG\AUDIOCAPTURE.OBJ
C:\Users\takana\Documents\Visual Studio 2010\Projects\AuditorySceneAnalysis\mic\Debug\cl.command.1.tlog
C:\Users\takana\Documents\Visual Studio 2010\Projects\AuditorySceneAnalysis\mic\Debug\CL.read.1.tlog
C:\Users\takana\Documents\Visual Studio 2010\Projects\AuditorySceneAnalysis\mic\Debug\CL.write.1.tlog
C:\Users\takana\Documents\Visual Studio 2010\Projects\AuditorySceneAnalysis\mic\Debug\link.2848.read.1.tlog
C:\Users\takana\Documents\Visual Studio 2010\Projects\AuditorySceneAnalysis\mic\Debug\link.2848.write.1.tlog
C:\Users\takana\Documents\Visual Studio 2010\Projects\AuditorySceneAnalysis\mic\Debug\link.2848-cvtres.read.1.tlog
C:\Users\takana\Documents\Visual Studio 2010\Projects\AuditorySceneAnalysis\mic\Debug\link.2848-cvtres.write.1.tlog
C:\Users\takana\Documents\Visual Studio 2010\Projects\AuditorySceneAnalysis\mic\Debug\link.5388.read.1.tlog
C:\Users\takana\Documents\Visual Studio 2010\Projects\AuditorySceneAnalysis\mic\Debug\link.5388.write.1.tlog
C:\Users\takana\Documents\Visual Studio 2010\Projects\AuditorySceneAnalysis\mic\Debug\link.5388-cvtres.read.1.tlog
C:\Users\takana\Documents\Visual Studio 2010\Projects\AuditorySceneAnalysis\mic\Debug\link.5388-cvtres.write.1.tlog
C:\Users\takana\Documents\Visual Studio 2010\Projects\AuditorySceneAnalysis\mic\Debug\link.6868.read.1.tlog
C:\Users\takana\Documents\Visual Studio 2010\Projects\AuditorySceneAnalysis\mic\Debug\link.6868.write.1.tlog
C:\Users\takana\Documents\Visual Studio 2010\Projects\AuditorySceneAnalysis\mic\Debug\link.6868-cvtres.read.1.tlog
C:\Users\takana\Documents\Visual Studio 2010\Projects\AuditorySceneAnalysis\mic\Debug\link.6868-cvtres.write.1.tlog
C:\Users\takana\Documents\Visual Studio 2010\Projects\AuditorySceneAnalysis\mic\Debug\link.command.1.tlog
C:\Users\takana\Documents\Visual Studio 2010\Projects\AuditorySceneAnalysis\mic\Debug\link.read.1.tlog
C:\Users\takana\Documents\Visual Studio 2010\Projects\AuditorySceneAnalysis\mic\Debug\link.write.1.tlog
C:\Users\takana\Documents\Visual Studio 2010\Projects\AuditorySceneAnalysis\mic\Debug\link-cvtres.read.1.tlog
C:\Users\takana\Documents\Visual Studio 2010\Projects\AuditorySceneAnalysis\mic\Debug\link-cvtres.write.1.tlog
C:\USERS\TAKANA\DOCUMENTS\VISUAL STUDIO 2010\PROJECTS\AUDITORYSCENEANALYSIS\MIC\DEBUG\MAIN.OBJ
C:\USERS\TAKANA\DOCUMENTS\VISUAL STUDIO 2010\PROJECTS\AUDITORYSCENEANALYSIS\MIC\DEBUG\MIC.EXE.EMBED.MANIFEST
C:\USERS\TAKANA\DOCUMENTS\VISUAL STUDIO 2010\PROJECTS\AUDITORYSCENEANALYSIS\MIC\DEBUG\MIC.EXE.EMBED.MANIFEST.RES
C:\USERS\TAKANA\DOCUMENTS\VISUAL STUDIO 2010\PROJECTS\AUDITORYSCENEANALYSIS\MIC\DEBUG\MIC.EXE.INTERMEDIATE.MANIFEST
C:\Users\takana\Documents\Visual Studio 2010\Projects\AuditorySceneAnalysis\mic\Debug\mic_manifest.rc
C:\Users\takana\Documents\Visual Studio 2010\Projects\AuditorySceneAnalysis\mic\Debug\mt.command.1.tlog
C:\Users\takana\Documents\Visual Studio 2010\Projects\AuditorySceneAnalysis\mic\Debug\mt.read.1.tlog
C:\Users\takana\Documents\Visual Studio 2010\Projects\AuditorySceneAnalysis\mic\Debug\mt.write.1.tlog
C:\Users\takana\Documents\Visual Studio 2010\Projects\AuditorySceneAnalysis\mic\Debug\rc.command.1.tlog
C:\Users\takana\Documents\Visual Studio 2010\Projects\AuditorySceneAnalysis\mic\Debug\rc.read.1.tlog
C:\Users\takana\Documents\Visual Studio 2010\Projects\AuditorySceneAnalysis\mic\Debug\rc.write.1.tlog
C:\Users\takana\Documents\Visual Studio 2010\Projects\AuditorySceneAnalysis\mic\Debug\vc100.idb
C:\USERS\TAKANA\DOCUMENTS\VISUAL STUDIO 2010\PROJECTS\AUDITORYSCENEANALYSIS\MIC\DEBUG\VC100.PDB
