2013/04/09 17:38:32 にビルドを開始しました。
     1>ノード 2 上のプロジェクト "C:\Users\takana\Documents\Visual Studio 2010\Projects\Render\Render\Render.vcxproj" (build ターゲット)。
     1>InitializeBuildStatus:
         "AlwaysCreate" が指定されたため "Debug\Render.unsuccessfulbuild" を作成しています。
       ClCompile:
         d:\Program Files (x86)\Microsoft Visual Studio 10.0\VC\bin\CL.exe /c /ZI /nologo /W3 /WX- /Od /Oy- /D WIN32 /D _DEBUG /D _CONSOLE /D _UNICODE /D UNICODE /Gm /EHsc /RTC1 /MDd /GS /fp:precise /Zc:wchar_t /Zc:forScope /Fo"Debug\\" /Fd"Debug\vc100.pdb" /Gd /TP /analyze- /errorReport:prompt main.cpp
         main.cpp
     1>c:\users\takana\documents\visual studio 2010\projects\render\render\render.hpp(55): warning C4244: '引数' : 'int' から 'GLfloat' への変換です。データが失われる可能性があります。
     1>c:\users\takana\documents\visual studio 2010\projects\render\render\render.hpp(55): warning C4244: '引数' : 'int' から 'GLfloat' への変換です。データが失われる可能性があります。
     1>c:\users\takana\documents\visual studio 2010\projects\render\render\render.hpp(68): warning C4244: '引数' : 'int' から 'GLfloat' への変換です。データが失われる可能性があります。
     1>c:\users\takana\documents\visual studio 2010\projects\render\render\render.hpp(68): warning C4244: '引数' : 'int' から 'GLfloat' への変換です。データが失われる可能性があります。
     1>c:\users\takana\documents\visual studio 2010\projects\render\render\render.hpp(69): warning C4244: '引数' : 'int' から 'GLfloat' への変換です。データが失われる可能性があります。
     1>c:\users\takana\documents\visual studio 2010\projects\render\render\render.hpp(69): warning C4244: '引数' : 'int' から 'GLfloat' への変換です。データが失われる可能性があります。
     1>c:\users\takana\documents\visual studio 2010\projects\render\render\render.hpp(82): warning C4244: '引数' : 'int' から 'GLfloat' への変換です。データが失われる可能性があります。
     1>c:\users\takana\documents\visual studio 2010\projects\render\render\render.hpp(82): warning C4244: '引数' : 'int' から 'GLfloat' への変換です。データが失われる可能性があります。
     1>c:\users\takana\documents\visual studio 2010\projects\render\render\render.hpp(83): warning C4244: '引数' : 'int' から 'GLfloat' への変換です。データが失われる可能性があります。
     1>c:\users\takana\documents\visual studio 2010\projects\render\render\render.hpp(83): warning C4244: '引数' : 'int' から 'GLfloat' への変換です。データが失われる可能性があります。
     1>c:\users\takana\documents\visual studio 2010\projects\render\render\render.hpp(84): warning C4244: '引数' : 'int' から 'GLfloat' への変換です。データが失われる可能性があります。
     1>c:\users\takana\documents\visual studio 2010\projects\render\render\render.hpp(84): warning C4244: '引数' : 'int' から 'GLfloat' への変換です。データが失われる可能性があります。
     1>c:\users\takana\documents\visual studio 2010\projects\render\render\render.hpp(85): warning C4244: '引数' : 'int' から 'GLfloat' への変換です。データが失われる可能性があります。
     1>c:\users\takana\documents\visual studio 2010\projects\render\render\render.hpp(85): warning C4244: '引数' : 'int' から 'GLfloat' への変換です。データが失われる可能性があります。
     1>c:\users\takana\documents\visual studio 2010\projects\render\render\render.hpp(107): warning C4244: '引数' : 'int' から 'GLfloat' への変換です。データが失われる可能性があります。
     1>c:\users\takana\documents\visual studio 2010\projects\render\render\render.hpp(107): warning C4244: '引数' : 'int' から 'GLfloat' への変換です。データが失われる可能性があります。
     1>c:\users\takana\documents\visual studio 2010\projects\render\render\render.hpp(108): warning C4244: '引数' : 'int' から 'GLfloat' への変換です。データが失われる可能性があります。
     1>c:\users\takana\documents\visual studio 2010\projects\render\render\render.hpp(108): warning C4244: '引数' : 'int' から 'GLfloat' への変換です。データが失われる可能性があります。
     1>c:\users\takana\documents\visual studio 2010\projects\render\render\render.hpp(109): warning C4244: '引数' : 'int' から 'GLfloat' への変換です。データが失われる可能性があります。
     1>c:\users\takana\documents\visual studio 2010\projects\render\render\render.hpp(109): warning C4244: '引数' : 'int' から 'GLfloat' への変換です。データが失われる可能性があります。
     1>c:\users\takana\documents\visual studio 2010\projects\render\render\render.hpp(110): warning C4244: '引数' : 'int' から 'GLfloat' への変換です。データが失われる可能性があります。
     1>c:\users\takana\documents\visual studio 2010\projects\render\render\render.hpp(110): warning C4244: '引数' : 'int' から 'GLfloat' への変換です。データが失われる可能性があります。
     1>c:\users\takana\documents\visual studio 2010\projects\render\render\main.cpp(53): warning C4244: '引数' : 'double' から 'int' への変換です。データが失われる可能性があります。
     1>c:\users\takana\documents\visual studio 2010\projects\render\render\main.cpp(53): warning C4244: '引数' : 'double' から 'int' への変換です。データが失われる可能性があります。
     1>c:\users\takana\documents\visual studio 2010\projects\render\render\main.cpp(53): warning C4244: '引数' : 'double' から 'int' への変換です。データが失われる可能性があります。
     1>c:\users\takana\documents\visual studio 2010\projects\render\render\main.cpp(53): warning C4244: '引数' : 'double' から 'int' への変換です。データが失われる可能性があります。
     1>c:\users\takana\documents\visual studio 2010\projects\render\render\main.cpp(54): warning C4305: '引数' : 'double' から 'float' へ切り詰めます。
     1>c:\users\takana\documents\visual studio 2010\projects\render\render\main.cpp(54): warning C4305: '引数' : 'double' から 'float' へ切り詰めます。
     1>c:\users\takana\documents\visual studio 2010\projects\render\render\main.cpp(55): warning C4305: '引数' : 'double' から 'float' へ切り詰めます。
     1>c:\users\takana\documents\visual studio 2010\projects\render\render\main.cpp(55): warning C4305: '引数' : 'double' から 'float' へ切り詰めます。
       ManifestResourceCompile:
         すべての出力が最新のものです。
       Link:
         d:\Program Files (x86)\Microsoft Visual Studio 10.0\VC\bin\link.exe /ERRORREPORT:PROMPT /OUT:"C:\Users\takana\Documents\Visual Studio 2010\Projects\Render\Debug\Render.exe" /INCREMENTAL /NOLOGO kernel32.lib user32.lib gdi32.lib winspool.lib comdlg32.lib advapi32.lib shell32.lib ole32.lib oleaut32.lib uuid.lib odbc32.lib odbccp32.lib /MANIFEST /ManifestFile:"Debug\Render.exe.intermediate.manifest" /MANIFESTUAC:"level='asInvoker' uiAccess='false'" /DEBUG /PDB:"C:\Users\takana\Documents\Visual Studio 2010\Projects\Render\Debug\Render.pdb" /SUBSYSTEM:CONSOLE /TLBID:1 /DYNAMICBASE /NXCOMPAT /IMPLIB:"C:\Users\takana\Documents\Visual Studio 2010\Projects\Render\Debug\Render.lib" /MACHINE:X86 Debug\Render.exe.embed.manifest.res
         Debug\main.obj sdl.lib sdlmain.lib opengl32.lib glu32.lib 
       Manifest:
         C:\Program Files (x86)\Microsoft SDKs\Windows\v7.0A\bin\mt.exe /nologo /verbose /out:"Debug\Render.exe.embed.manifest" /manifest Debug\Render.exe.intermediate.manifest
         すべての出力が最新のものです。
       LinkEmbedManifest:
         すべての出力が最新のものです。
         Render.vcxproj -> C:\Users\takana\Documents\Visual Studio 2010\Projects\Render\Debug\Render.exe
       FinalizeBuildStatus:
         ファイル "Debug\Render.unsuccessfulbuild" を削除しています。
         "Debug\Render.lastbuildstate" のタッチ タスクを実行しています。
     1>プロジェクト "C:\Users\takana\Documents\Visual Studio 2010\Projects\Render\Render\Render.vcxproj" (build ターゲット) のビルドが完了しました。

ビルドに成功しました。

経過時間 00:00:01.04
